<?xml version="1.0" encoding="UTF-8"?>
<testsuite xmlns:xsi="http://www.w3.org/2001/XMLSchema-instance" xsi:noNamespaceSchemaLocation="https://maven.apache.org/surefire/maven-surefire-plugin/xsd/surefire-test-report-3.0.xsd" version="3.0" name="com.st.testing.GraphAlgorithmsTest" time="0.003" tests="12" errors="0" skipped="0" failures="0">
  <properties>
[...]
</properties>
  <testcase name="testDijkstraPostive" classname="com.st.testing.GraphAlgorithmsTest" time="0.0"/>
  <testcase name="testBfsPositive" classname="com.st.testing.GraphAlgorithmsTest" time="0.0"/>
  <testcase name="testBfsNegative" classname="com.st.testing.GraphAlgorithmsTest" time="0.0"/>
  <testcase name="testDijkstraNegative" classname="com.st.testing.GraphAlgorithmsTest" time="0.0"/>
  <testcase name="testKruskalPositive" classname="com.st.testing.GraphAlgorithmsTest" time="0.0"/>
  <testcase name="testDfsPositive" classname="com.st.testing.GraphAlgorithmsTest" time="0.0"/>
  <testcase name="testKruskalNegative" classname="com.st.testing.GraphAlgorithmsTest" time="0.0"/>
  <testcase name="testFloydWarshallPositive" classname="com.st.testing.GraphAlgorithmsTest" time="0.0"/>
  <testcase name="testDfsNegative" classname="com.st.testing.GraphAlgorithmsTest" time="0.0"/>
  <testcase name="testFloydWarshallNegative" classname="com.st.testing.GraphAlgorithmsTest" time="0.0"/>
  <testcase name="testPrimPositive" classname="com.st.testing.GraphAlgorithmsTest" time="0.0"/>
  <testcase name="testPrimNegative" classname="com.st.testing.GraphAlgorithmsTest" time="0.0"/>
</testsuite>